2019-12-04 00:04:49.010  INFO 1492 --- [RMI TCP Connection(2)-127.0.0.1] inMXBeanRegistrar$SpringApplicationAdmin : Application shutdown requested.
2019-12-04 00:04:49.020  INFO 1492 --- [RMI TCP Connection(2)-127.0.0.1] o.s.s.concurrent.ThreadPoolTaskExecutor  : Shutting down ExecutorService 'applicationTaskExecutor'
2019-12-04 00:36:37.277  INFO 6444 --- [main] c.o.watchlist.WatchlistApplication       : Starting WatchlistApplication on L540-40 with PID 6444 (C:\Users\Helix\git\watchlist\target\classes started by Helix in C:\Users\Helix\git\watchlist)
2019-12-04 00:36:37.284 DEBUG 6444 --- [main] c.o.watchlist.WatchlistApplication       : Running with Spring Boot v2.2.1.RELEASE, Spring v5.2.1.RELEASE
2019-12-04 00:36:37.288  INFO 6444 --- [main] c.o.watchlist.WatchlistApplication       : No active profile set, falling back to default profiles: default
2019-12-04 00:36:39.238  INFO 6444 --- [main] o.s.b.w.embedded.tomcat.TomcatWebServer  : Tomcat initialized with port(s): 80 (http)
2019-12-04 00:36:39.249  INFO 6444 --- [main] o.apache.catalina.core.StandardService   : Starting service [Tomcat]
2019-12-04 00:36:39.249  INFO 6444 --- [main] org.apache.catalina.core.StandardEngine  : Starting Servlet engine: [Apache Tomcat/9.0.27]
2019-12-04 00:36:39.392  INFO 6444 --- [main] o.a.c.c.C.[Tomcat].[localhost].[/]       : Initializing Spring embedded WebApplicationContext
2019-12-04 00:36:39.392  INFO 6444 --- [main] o.s.web.context.ContextLoader            : Root WebApplicationContext: initialization completed in 1995 ms
2019-12-04 00:36:39.520  WARN 6444 --- [main] o.s.boot.actuate.endpoint.EndpointId     : Endpoint ID 'release-notes' contains invalid characters, please migrate to a valid format.
2019-12-04 00:36:39.830  INFO 6444 --- [main] o.s.s.concurrent.ThreadPoolTaskExecutor  : Initializing ExecutorService 'applicationTaskExecutor'
2019-12-04 00:36:40.127  INFO 6444 --- [main] o.s.b.a.e.web.EndpointLinksResolver      : Exposing 6 endpoint(s) beneath base path '/actuator'
2019-12-04 00:36:40.211  INFO 6444 --- [main] o.s.b.w.embedded.tomcat.TomcatWebServer  : Tomcat started on port(s): 80 (http) with context path ''
2019-12-04 00:36:40.215  INFO 6444 --- [main] c.o.watchlist.WatchlistApplication       : Started WatchlistApplication in 3.796 seconds (JVM running for 5.886)
2019-12-04 00:38:13.734  INFO 6444 --- [http-nio-80-exec-1] o.a.c.c.C.[Tomcat].[localhost].[/]       : Initializing Spring DispatcherServlet 'dispatcherServlet'
2019-12-04 00:38:13.735  INFO 6444 --- [http-nio-80-exec-1] o.s.web.servlet.DispatcherServlet        : Initializing Servlet 'dispatcherServlet'
2019-12-04 00:38:13.749  INFO 6444 --- [http-nio-80-exec-1] o.s.web.servlet.DispatcherServlet        : Completed initialization in 14 ms
2019-12-04 00:38:13.799  INFO 6444 --- [http-nio-80-exec-1] c.o.w.controller.WatchlistController     : HTTP GET request received at /watchlist URL
2019-12-04 00:38:21.647  INFO 6444 --- [http-nio-80-exec-2] c.o.w.controller.WatchlistController     : HTTP GET request received at /watchlistItemForm URL
2019-12-04 00:38:29.242  INFO 6444 --- [http-nio-80-exec-4] c.o.w.controller.WatchlistController     : HTTP POST request received at /watchlistItemForm URL
2019-12-04 00:38:29.258  INFO 6444 --- [http-nio-80-exec-5] c.o.w.controller.WatchlistController     : HTTP GET request received at /watchlist URL
2019-12-04 00:38:29.269  INFO 6444 --- [http-nio-80-exec-5] c.o.w.service.MovieRatingServiceImpl     : OMDb API called with URL: http://www.omdbapi.com/?i=tt3896198&apikey=c3fa91ef&t=Up
2019-12-04 00:38:29.404 DEBUG 6444 --- [http-nio-80-exec-5] c.o.w.service.MovieRatingServiceImpl     : OMDb API response: {"Title":"Up","Year":"2009","Rated":"PG","Released":"29 May 2009","Runtime":"96 min","Genre":"Animation, Adventure, Comedy, Family","Director":"Pete Docter, Bob Peterson(co-director)","Writer":"Pete Docter (story by), Bob Peterson (story by), Tom McCarthy (story by), Bob Peterson (screenplay by), Pete Docter (screenplay by)","Actors":"Edward Asner, Christopher Plummer, Jordan Nagai, Bob Peterson","Plot":"Seventy-eight year old Carl Fredricksen travels to Paradise Falls in his home equipped with balloons, inadvertently taking a young stowaway.","Language":"English","Country":"USA","Awards":"Won 2 Oscars. Another 74 wins & 81 nominations.","Poster":"https://m.media-amazon.com/images/M/MV5BMTk3NDE2NzI4NF5BMl5BanBnXkFtZTgwNzE1MzEyMTE@._V1_SX300.jpg","Ratings":[{"Source":"Internet Movie Database","Value":"8.2/10"},{"Source":"Rotten Tomatoes","Value":"98%"},{"Source":"Metacritic","Value":"88/100"}],"Metascore":"88","imdbRating":"8.2","imdbVotes":"867,870","imdbID":"tt1049413","Type":"movie","DVD":"10 Nov 2009","BoxOffice":"$292,979,556","Production":"Walt Disney Pictures","Website":"N/A","Response":"True"}
2019-12-04 00:38:33.191  INFO 6444 --- [RMI TCP Connection(11)-127.0.0.1] inMXBeanRegistrar$SpringApplicationAdmin : Application shutdown requested.
2019-12-04 00:38:33.199  INFO 6444 --- [RMI TCP Connection(11)-127.0.0.1] o.s.s.concurrent.ThreadPoolTaskExecutor  : Shutting down ExecutorService 'applicationTaskExecutor'
2019-12-04 00:43:15.171  INFO 16732 --- [main] c.o.watchlist.WatchlistApplication       : Starting WatchlistApplication on L540-40 with PID 16732 (E:\watchlist\target\classes started by Helix in E:\watchlist)
2019-12-04 00:43:15.179 DEBUG 16732 --- [main] c.o.watchlist.WatchlistApplication       : Running with Spring Boot v2.2.1.RELEASE, Spring v5.2.1.RELEASE
2019-12-04 00:43:15.183  INFO 16732 --- [main] c.o.watchlist.WatchlistApplication       : No active profile set, falling back to default profiles: default
2019-12-04 00:43:16.751  INFO 16732 --- [main] o.s.b.w.embedded.tomcat.TomcatWebServer  : Tomcat initialized with port(s): 80 (http)
2019-12-04 00:43:16.764  INFO 16732 --- [main] o.apache.catalina.core.StandardService   : Starting service [Tomcat]
2019-12-04 00:43:16.765  INFO 16732 --- [main] org.apache.catalina.core.StandardEngine  : Starting Servlet engine: [Apache Tomcat/9.0.27]
2019-12-04 00:43:16.914  INFO 16732 --- [main] o.a.c.c.C.[Tomcat].[localhost].[/]       : Initializing Spring embedded WebApplicationContext
2019-12-04 00:43:16.915  INFO 16732 --- [main] o.s.web.context.ContextLoader            : Root WebApplicationContext: initialization completed in 1626 ms
2019-12-04 00:43:17.063  WARN 16732 --- [main] o.s.boot.actuate.endpoint.EndpointId     : Endpoint ID 'release-notes' contains invalid characters, please migrate to a valid format.
2019-12-04 00:43:17.417  INFO 16732 --- [main] o.s.s.concurrent.ThreadPoolTaskExecutor  : Initializing ExecutorService 'applicationTaskExecutor'
2019-12-04 00:43:17.738  INFO 16732 --- [main] o.s.b.a.e.web.EndpointLinksResolver      : Exposing 6 endpoint(s) beneath base path '/actuator'
2019-12-04 00:43:17.819  INFO 16732 --- [main] o.s.b.w.embedded.tomcat.TomcatWebServer  : Tomcat started on port(s): 80 (http) with context path ''
2019-12-04 00:43:17.823  INFO 16732 --- [main] c.o.watchlist.WatchlistApplication       : Started WatchlistApplication in 3.207 seconds (JVM running for 5.283)
2019-12-04 00:44:15.711  INFO 16732 --- [http-nio-80-exec-1] o.a.c.c.C.[Tomcat].[localhost].[/]       : Initializing Spring DispatcherServlet 'dispatcherServlet'
2019-12-04 00:44:15.712  INFO 16732 --- [http-nio-80-exec-1] o.s.web.servlet.DispatcherServlet        : Initializing Servlet 'dispatcherServlet'
2019-12-04 00:44:15.723  INFO 16732 --- [http-nio-80-exec-1] o.s.web.servlet.DispatcherServlet        : Completed initialization in 10 ms
2019-12-04 00:44:18.340  INFO 16732 --- [http-nio-80-exec-2] c.o.w.controller.WatchlistController     : HTTP GET request received at /watchlistItemForm URL
2019-12-04 00:44:24.683  INFO 16732 --- [http-nio-80-exec-3] c.o.w.controller.WatchlistController     : HTTP POST request received at /watchlistItemForm URL
2019-12-04 00:44:24.698  INFO 16732 --- [http-nio-80-exec-4] c.o.w.controller.WatchlistController     : HTTP GET request received at /watchlist URL
2019-12-04 00:44:24.709  INFO 16732 --- [http-nio-80-exec-4] c.o.w.service.MovieRatingServiceImpl     : OMDb API called with URL: http://www.omdbapi.com/?i=tt3896198&apikey=c3fa91ef&t=Up
2019-12-04 00:44:24.844 DEBUG 16732 --- [http-nio-80-exec-4] c.o.w.service.MovieRatingServiceImpl     : OMDb API response: {"Title":"Up","Year":"2009","Rated":"PG","Released":"29 May 2009","Runtime":"96 min","Genre":"Animation, Adventure, Comedy, Family","Director":"Pete Docter, Bob Peterson(co-director)","Writer":"Pete Docter (story by), Bob Peterson (story by), Tom McCarthy (story by), Bob Peterson (screenplay by), Pete Docter (screenplay by)","Actors":"Edward Asner, Christopher Plummer, Jordan Nagai, Bob Peterson","Plot":"Seventy-eight year old Carl Fredricksen travels to Paradise Falls in his home equipped with balloons, inadvertently taking a young stowaway.","Language":"English","Country":"USA","Awards":"Won 2 Oscars. Another 74 wins & 81 nominations.","Poster":"https://m.media-amazon.com/images/M/MV5BMTk3NDE2NzI4NF5BMl5BanBnXkFtZTgwNzE1MzEyMTE@._V1_SX300.jpg","Ratings":[{"Source":"Internet Movie Database","Value":"8.2/10"},{"Source":"Rotten Tomatoes","Value":"98%"},{"Source":"Metacritic","Value":"88/100"}],"Metascore":"88","imdbRating":"8.2","imdbVotes":"867,870","imdbID":"tt1049413","Type":"movie","DVD":"10 Nov 2009","BoxOffice":"$292,979,556","Production":"Walt Disney Pictures","Website":"N/A","Response":"True"}
2019-12-04 00:44:26.814  INFO 16732 --- [http-nio-80-exec-6] c.o.w.controller.WatchlistController     : HTTP GET request received at /watchlistItemForm URL
2019-12-04 00:44:40.955  INFO 16732 --- [http-nio-80-exec-8] c.o.w.controller.WatchlistController     : HTTP POST request received at /watchlistItemForm URL
2019-12-04 00:44:40.968  INFO 16732 --- [http-nio-80-exec-9] c.o.w.controller.WatchlistController     : HTTP GET request received at /watchlist URL
2019-12-04 00:44:40.974  INFO 16732 --- [http-nio-80-exec-9] c.o.w.service.MovieRatingServiceImpl     : OMDb API called with URL: http://www.omdbapi.com/?i=tt3896198&apikey=c3fa91ef&t=Up
2019-12-04 00:44:41.019 DEBUG 16732 --- [http-nio-80-exec-9] c.o.w.service.MovieRatingServiceImpl     : OMDb API response: {"Title":"Up","Year":"2009","Rated":"PG","Released":"29 May 2009","Runtime":"96 min","Genre":"Animation, Adventure, Comedy, Family","Director":"Pete Docter, Bob Peterson(co-director)","Writer":"Pete Docter (story by), Bob Peterson (story by), Tom McCarthy (story by), Bob Peterson (screenplay by), Pete Docter (screenplay by)","Actors":"Edward Asner, Christopher Plummer, Jordan Nagai, Bob Peterson","Plot":"Seventy-eight year old Carl Fredricksen travels to Paradise Falls in his home equipped with balloons, inadvertently taking a young stowaway.","Language":"English","Country":"USA","Awards":"Won 2 Oscars. Another 74 wins & 81 nominations.","Poster":"https://m.media-amazon.com/images/M/MV5BMTk3NDE2NzI4NF5BMl5BanBnXkFtZTgwNzE1MzEyMTE@._V1_SX300.jpg","Ratings":[{"Source":"Internet Movie Database","Value":"8.2/10"},{"Source":"Rotten Tomatoes","Value":"98%"},{"Source":"Metacritic","Value":"88/100"}],"Metascore":"88","imdbRating":"8.2","imdbVotes":"867,870","imdbID":"tt1049413","Type":"movie","DVD":"10 Nov 2009","BoxOffice":"$292,979,556","Production":"Walt Disney Pictures","Website":"N/A","Response":"True"}
2019-12-04 00:44:41.027  INFO 16732 --- [http-nio-80-exec-9] c.o.w.service.MovieRatingServiceImpl     : OMDb API called with URL: http://www.omdbapi.com/?i=tt3896198&apikey=c3fa91ef&t=mad max
2019-12-04 00:44:41.308 DEBUG 16732 --- [http-nio-80-exec-9] c.o.w.service.MovieRatingServiceImpl     : OMDb API response: {"Title":"Mad Max","Year":"1979","Rated":"R","Released":"21 Mar 1980","Runtime":"88 min","Genre":"Action, Adventure, Sci-Fi, Thriller","Director":"George Miller","Writer":"James McCausland (screenplay), George Miller (screenplay), George Miller (original story), Byron Kennedy (original story)","Actors":"Mel Gibson, Joanne Samuel, Hugh Keays-Byrne, Steve Bisley","Plot":"In a self-destructing world, a vengeful Australian policeman sets out to stop a violent motorcycle gang.","Language":"English","Country":"Australia","Awards":"4 wins & 7 nominations.","Poster":"https://m.media-amazon.com/images/M/MV5BMTM4Mjg5ODEzMV5BMl5BanBnXkFtZTcwMDc3NDk0NA@@._V1_SX300.jpg","Ratings":[{"Source":"Internet Movie Database","Value":"6.9/10"},{"Source":"Rotten Tomatoes","Value":"90%"},{"Source":"Metacritic","Value":"73/100"}],"Metascore":"73","imdbRating":"6.9","imdbVotes":"179,338","imdbID":"tt0079501","Type":"movie","DVD":"19 Nov 1997","BoxOffice":"N/A","Production":"American International Pictures","Website":"N/A","Response":"True"}
2019-12-04 00:44:50.248  INFO 16732 --- [RMI TCP Connection(12)-127.0.0.1] inMXBeanRegistrar$SpringApplicationAdmin : Application shutdown requested.
2019-12-04 00:44:50.255  INFO 16732 --- [RMI TCP Connection(12)-127.0.0.1] o.s.s.concurrent.ThreadPoolTaskExecutor  : Shutting down ExecutorService 'applicationTaskExecutor'
